

Started GET "/" for 0:0:0:0:0:0:0:1%0 at 2014-06-20 15:06:51 -0400

NameError (cannot load Java class org.sqlite.JDBC):
  org/jruby/javasupport/JavaClass.java:1250:in `for_name'
  org/jruby/javasupport/JavaUtilities.java:34:in `get_proxy_class'
  file:/Users/daintonhaase/.rvm/rubies/jruby-1.7.12/lib/jruby.jar!/jruby/java/core_ext/object.rb:26:in `java_import'
  org/jruby/RubyArray.java:2409:in `map'
  file:/Users/daintonhaase/.rvm/rubies/jruby-1.7.12/lib/jruby.jar!/jruby/java/core_ext/object.rb:22:in `java_import'
  activerecord-jdbc-adapter (1.3.7) lib/arjdbc/jdbc/driver.rb:24:in `driver_class'
  org/jruby/RubyModule.java:2304:in `module_eval'
  activerecord-jdbc-adapter (1.3.7) lib/arjdbc/jdbc/driver.rb:23:in `driver_class'
  org/jruby/javasupport/JavaObject.java:267:in `synchronized'
  activerecord-jdbc-adapter (1.3.7) lib/arjdbc/jdbc/driver.rb:20:in `driver_class'
  activerecord-jdbc-adapter (1.3.7) lib/arjdbc/jdbc/driver.rb:8:in `initialize'
  activerecord-jdbc-adapter (1.3.7) lib/arjdbc/jdbc/connection.rb:86:in `setup_jdbc_factory'
  activerecord-jdbc-adapter (1.3.7) lib/arjdbc/jdbc/connection.rb:63:in `setup_connection_factory'
  activerecord-jdbc-adapter (1.3.7) lib/arjdbc/jdbc/connection.rb:14:in `initialize'
  activerecord-jdbc-adapter (1.3.7) lib/arjdbc/jdbc/adapter.rb:68:in `initialize'
  activerecord-jdbc-adapter (1.3.7) lib/arjdbc/jdbc/connection_methods.rb:12:in `jdbc_connection'
  activerecord-jdbc-adapter (1.3.7) lib/arjdbc/sqlite3/connection_methods.rb:24:in `sqlite3_connection'
  activerecord (4.1.1) lib/active_record/connection_adapters/abstract/connection_pool.rb:435:in `new_connection'
  activerecord (4.1.1) lib/active_record/connection_adapters/abstract/connection_pool.rb:445:in `checkout_new_connection'
  activerecord (4.1.1) lib/active_record/connection_adapters/abstract/connection_pool.rb:416:in `acquire_connection'
  activerecord (4.1.1) lib/active_record/connection_adapters/abstract/connection_pool.rb:351:in `checkout'
  /Users/daintonhaase/.rvm/rubies/jruby-1.7.12/lib/ruby/1.9/monitor.rb:211:in `mon_synchronize'
  activerecord (4.1.1) lib/active_record/connection_adapters/abstract/connection_pool.rb:350:in `checkout'
  activerecord (4.1.1) lib/active_record/connection_adapters/abstract/connection_pool.rb:265:in `connection'
  /Users/daintonhaase/.rvm/rubies/jruby-1.7.12/lib/ruby/1.9/monitor.rb:211:in `mon_synchronize'
  activerecord (4.1.1) lib/active_record/connection_adapters/abstract/connection_pool.rb:264:in `connection'
  activerecord (4.1.1) lib/active_record/connection_adapters/abstract/connection_pool.rb:541:in `retrieve_connection'
  activerecord (4.1.1) lib/active_record/connection_handling.rb:113:in `retrieve_connection'
  activerecord (4.1.1) lib/active_record/connection_handling.rb:87:in `connection'
  activerecord (4.1.1) lib/active_record/query_cache.rb:51:in `restore_query_cache_settings'
  activerecord (4.1.1) lib/active_record/query_cache.rb:43:in `call'
  activerecord (4.1.1) lib/active_record/connection_adapters/abstract/connection_pool.rb:621:in `call'
  activerecord (4.1.1) lib/active_record/migration.rb:380:in `call'
  actionpack (4.1.1) lib/action_dispatch/middleware/callbacks.rb:29:in `call'
  activesupport (4.1.1) lib/active_support/callbacks.rb:82:in `run_callbacks'
  actionpack (4.1.1) lib/action_dispatch/middleware/callbacks.rb:27:in `call'
  actionpack (4.1.1) lib/action_dispatch/middleware/reloader.rb:73:in `call'
  actionpack (4.1.1) lib/action_dispatch/middleware/remote_ip.rb:76:in `call'
  actionpack (4.1.1) lib/action_dispatch/middleware/debug_exceptions.rb:17:in `call'
  actionpack (4.1.1) lib/action_dispatch/middleware/show_exceptions.rb:30:in `call'
  railties (4.1.1) lib/rails/rack/logger.rb:38:in `call_app'
  railties (4.1.1) lib/rails/rack/logger.rb:20:in `call'
  activesupport (4.1.1) lib/active_support/tagged_logging.rb:68:in `tagged'
  activesupport (4.1.1) lib/active_support/tagged_logging.rb:26:in `tagged'
  activesupport (4.1.1) lib/active_support/tagged_logging.rb:68:in `tagged'
  railties (4.1.1) lib/rails/rack/logger.rb:20:in `call'
  actionpack (4.1.1) lib/action_dispatch/middleware/request_id.rb:21:in `call'
  request_store (1.0.6) lib/request_store/middleware.rb:8:in `call'
  rack (1.5.2) lib/rack/methodoverride.rb:21:in `call'
  rack (1.5.2) lib/rack/runtime.rb:17:in `call'
  activesupport (4.1.1) lib/active_support/cache/strategy/local_cache_middleware.rb:26:in `call'
  rack (1.5.2) lib/rack/lock.rb:17:in `call'
  actionpack (4.1.1) lib/action_dispatch/middleware/static.rb:64:in `call'
  rack (1.5.2) lib/rack/sendfile.rb:112:in `call'
  railties (4.1.1) lib/rails/engine.rb:514:in `call'
  railties (4.1.1) lib/rails/application.rb:144:in `call'
  rack (1.5.2) lib/rack/lock.rb:17:in `call'
  rack (1.5.2) lib/rack/content_length.rb:14:in `call'
  rack (1.5.2) lib/rack/handler/webrick.rb:60:in `service'
  /Users/daintonhaase/.rvm/rubies/jruby-1.7.12/lib/ruby/1.9/webrick/httpserver.rb:138:in `service'
  /Users/daintonhaase/.rvm/rubies/jruby-1.7.12/lib/ruby/1.9/webrick/httpserver.rb:94:in `run'
  /Users/daintonhaase/.rvm/rubies/jruby-1.7.12/lib/ruby/1.9/webrick/server.rb:191:in `start_thread'


  Rendered /Users/daintonhaase/.rvm/gems/jruby-1.7.12/gems/actionpack-4.1.1/lib/action_dispatch/middleware/templates/rescues/_source.erb (3.0ms)
  Rendered /Users/daintonhaase/.rvm/gems/jruby-1.7.12/gems/actionpack-4.1.1/lib/action_dispatch/middleware/templates/rescues/_trace.html.erb (9.0ms)
  Rendered /Users/daintonhaase/.rvm/gems/jruby-1.7.12/gems/actionpack-4.1.1/lib/action_dispatch/middleware/templates/rescues/_request_and_response.html.erb (13.0ms)
  Rendered /Users/daintonhaase/.rvm/gems/jruby-1.7.12/gems/actionpack-4.1.1/lib/action_dispatch/middleware/templates/rescues/diagnostics.erb within rescues/layout (327.0ms)


Started GET "/" for 0:0:0:0:0:0:0:1%0 at 2014-06-20 15:14:09 -0400

SyntaxError (/Users/daintonhaase/webapps/deploy/torquebox-quickstart/app/controllers/home_controller.rb:4: syntax error, unexpected end-of-file
end
  ^):
  org/jruby/RubyKernel.java:1081:in `load'
  activesupport (4.1.1) lib/active_support/dependencies.rb:1:in `(root)'
  activesupport (4.1.1) lib/active_support/dependencies.rb:443:in `load_file'
  activesupport (4.1.1) lib/active_support/dependencies.rb:633:in `new_constants_in'
  activesupport (4.1.1) lib/active_support/dependencies.rb:442:in `load_file'
  activesupport (4.1.1) lib/active_support/dependencies.rb:342:in `require_or_load'
  activesupport (4.1.1) lib/active_support/dependencies.rb:480:in `load_missing_constant'
  org/jruby/RubyModule.java:2605:in `const_get'
  activesupport (4.1.1) lib/active_support/dependencies.rb:180:in `const_missing'
  org/jruby/RubyArray.java:1613:in `each'
  org/jruby/RubyEnumerable.java:865:in `inject'
  activesupport (4.1.1) lib/active_support/inflector/methods.rb:238:in `constantize'
  activesupport (4.1.1) lib/active_support/inflector/methods.rb:236:in `constantize'
  activesupport (4.1.1) lib/active_support/dependencies.rb:552:in `get'
  activesupport (4.1.1) lib/active_support/dependencies.rb:583:in `constantize'
  actionpack (4.1.1) lib/action_dispatch/routing/route_set.rb:76:in `controller_reference'
  actionpack (4.1.1) lib/action_dispatch/routing/route_set.rb:66:in `controller'
  actionpack (4.1.1) lib/action_dispatch/routing/route_set.rb:44:in `call'
  org/jruby/RubyArray.java:1613:in `each'
  actionpack (4.1.1) lib/action_dispatch/journey/router.rb:71:in `call'
  actionpack (4.1.1) lib/action_dispatch/journey/router.rb:59:in `call'
  actionpack (4.1.1) lib/action_dispatch/routing/route_set.rb:676:in `call'
  org/jruby/RubyKernel.java:1264:in `catch'
  warden (1.2.3) lib/warden/manager.rb:35:in `call'
  warden (1.2.3) lib/warden/manager.rb:34:in `call'
  rack (1.5.2) lib/rack/etag.rb:23:in `call'
  rack (1.5.2) lib/rack/conditionalget.rb:25:in `call'
  rack (1.5.2) lib/rack/head.rb:11:in `call'
  actionpack (4.1.1) lib/action_dispatch/middleware/params_parser.rb:27:in `call'
  actionpack (4.1.1) lib/action_dispatch/middleware/flash.rb:254:in `call'
  rack (1.5.2) lib/rack/session/abstract/id.rb:225:in `context'
  rack (1.5.2) lib/rack/session/abstract/id.rb:220:in `call'
  actionpack (4.1.1) lib/action_dispatch/middleware/cookies.rb:560:in `call'
  activerecord (4.1.1) lib/active_record/query_cache.rb:36:in `call'
  activerecord (4.1.1) lib/active_record/connection_adapters/abstract/connection_pool.rb:621:in `call'
  activerecord (4.1.1) lib/active_record/migration.rb:380:in `call'
  actionpack (4.1.1) lib/action_dispatch/middleware/callbacks.rb:29:in `call'
  activesupport (4.1.1) lib/active_support/callbacks.rb:82:in `run_callbacks'
  actionpack (4.1.1) lib/action_dispatch/middleware/callbacks.rb:27:in `call'
  actionpack (4.1.1) lib/action_dispatch/middleware/reloader.rb:73:in `call'
  actionpack (4.1.1) lib/action_dispatch/middleware/remote_ip.rb:76:in `call'
  actionpack (4.1.1) lib/action_dispatch/middleware/debug_exceptions.rb:17:in `call'
  actionpack (4.1.1) lib/action_dispatch/middleware/show_exceptions.rb:30:in `call'
  railties (4.1.1) lib/rails/rack/logger.rb:38:in `call_app'
  railties (4.1.1) lib/rails/rack/logger.rb:20:in `call'
  activesupport (4.1.1) lib/active_support/tagged_logging.rb:68:in `tagged'
  activesupport (4.1.1) lib/active_support/tagged_logging.rb:26:in `tagged'
  activesupport (4.1.1) lib/active_support/tagged_logging.rb:68:in `tagged'
  railties (4.1.1) lib/rails/rack/logger.rb:20:in `call'
  actionpack (4.1.1) lib/action_dispatch/middleware/request_id.rb:21:in `call'
  request_store (1.0.6) lib/request_store/middleware.rb:8:in `call'
  rack (1.5.2) lib/rack/methodoverride.rb:21:in `call'
  rack (1.5.2) lib/rack/runtime.rb:17:in `call'
  activesupport (4.1.1) lib/active_support/cache/strategy/local_cache_middleware.rb:26:in `call'
  rack (1.5.2) lib/rack/lock.rb:17:in `call'
  actionpack (4.1.1) lib/action_dispatch/middleware/static.rb:64:in `call'
  rack (1.5.2) lib/rack/sendfile.rb:112:in `call'
  railties (4.1.1) lib/rails/engine.rb:514:in `call'
  railties (4.1.1) lib/rails/application.rb:144:in `call'
  rack (1.5.2) lib/rack/lock.rb:17:in `call'
  rack (1.5.2) lib/rack/content_length.rb:14:in `call'
  rack (1.5.2) lib/rack/handler/webrick.rb:60:in `service'
  /Users/daintonhaase/.rvm/rubies/jruby-1.7.12/lib/ruby/1.9/webrick/httpserver.rb:138:in `service'
  /Users/daintonhaase/.rvm/rubies/jruby-1.7.12/lib/ruby/1.9/webrick/httpserver.rb:94:in `run'


  Rendered /Users/daintonhaase/.rvm/gems/jruby-1.7.12/gems/actionpack-4.1.1/lib/action_dispatch/middleware/templates/rescues/_source.erb (4.0ms)
  Rendered /Users/daintonhaase/.rvm/gems/jruby-1.7.12/gems/actionpack-4.1.1/lib/action_dispatch/middleware/templates/rescues/_trace.html.erb (6.0ms)
  Rendered /Users/daintonhaase/.rvm/gems/jruby-1.7.12/gems/actionpack-4.1.1/lib/action_dispatch/middleware/templates/rescues/_request_and_response.html.erb (1261.0ms)
  Rendered /Users/daintonhaase/.rvm/gems/jruby-1.7.12/gems/actionpack-4.1.1/lib/action_dispatch/middleware/templates/rescues/diagnostics.erb within rescues/layout (1898.0ms)


Started GET "/" for 0:0:0:0:0:0:0:1%0 at 2014-06-20 15:14:55 -0400
Processing by HomeController#index as HTML
  Rendered home/index.html.erb within layouts/application (2.0ms)
Completed 500 Internal Server Error in 103ms

SyntaxError (/Users/daintonhaase/webapps/deploy/torquebox-quickstart/app/views/layouts/application.html.erb:5: syntax error, unexpected tASSOC
  '.freeze;@output_buffer.append=( stylesheet_link_tag    'application', media: 'all' => true );@output_buffer.safe_append='
                                                                                       ^):
  org/jruby/RubyModule.java:2316:in `module_eval'
  actionview (4.1.1) lib/action_view/template.rb:297:in `compile'
  actionview (4.1.1) lib/action_view/template.rb:245:in `compile!'
  activesupport (4.1.1) lib/active_support/notifications.rb:161:in `instrument'
  actionview (4.1.1) lib/action_view/template.rb:339:in `instrument'
  actionview (4.1.1) lib/action_view/template.rb:244:in `compile!'
  org/jruby/ext/thread/Mutex.java:149:in `synchronize'
  actionview (4.1.1) lib/action_view/template.rb:232:in `compile!'
  actionview (4.1.1) lib/action_view/template.rb:144:in `render'
  activesupport (4.1.1) lib/active_support/notifications.rb:161:in `instrument'
  actionview (4.1.1) lib/action_view/template.rb:339:in `instrument'
  actionview (4.1.1) lib/action_view/template.rb:143:in `render'
  actionview (4.1.1) lib/action_view/renderer/template_renderer.rb:67:in `render_with_layout'
  actionview (4.1.1) lib/action_view/renderer/template_renderer.rb:53:in `render_template'
  actionview (4.1.1) lib/action_view/renderer/template_renderer.rb:17:in `render'
  actionview (4.1.1) lib/action_view/renderer/renderer.rb:42:in `render_template'
  actionview (4.1.1) lib/action_view/renderer/renderer.rb:23:in `render'
  actionview (4.1.1) lib/action_view/rendering.rb:99:in `_render_template'
  actionpack (4.1.1) lib/action_controller/metal/streaming.rb:217:in `_render_template'
  actionview (4.1.1) lib/action_view/rendering.rb:82:in `render_to_body'
  actionpack (4.1.1) lib/action_controller/metal/rendering.rb:32:in `render_to_body'
  actionpack (4.1.1) lib/action_controller/metal/renderers.rb:32:in `render_to_body'
  actionpack (4.1.1) lib/abstract_controller/rendering.rb:25:in `render'
  actionpack (4.1.1) lib/action_controller/metal/rendering.rb:16:in `render'
  actionpack (4.1.1) lib/action_controller/metal/instrumentation.rb:41:in `render'
  activesupport (4.1.1) lib/active_support/core_ext/benchmark.rb:12:in `ms'
  /Users/daintonhaase/.rvm/rubies/jruby-1.7.12/lib/ruby/1.9/benchmark.rb:295:in `realtime'
  activesupport (4.1.1) lib/active_support/core_ext/benchmark.rb:12:in `ms'
  actionpack (4.1.1) lib/action_controller/metal/instrumentation.rb:41:in `render'
  actionpack (4.1.1) lib/action_controller/metal/instrumentation.rb:84:in `cleanup_view_runtime'
  activerecord (4.1.1) lib/active_record/railties/controller_runtime.rb:25:in `cleanup_view_runtime'
  actionpack (4.1.1) lib/action_controller/metal/instrumentation.rb:40:in `render'
  actionpack (4.1.1) lib/action_controller/metal/implicit_render.rb:10:in `default_render'
  actionpack (4.1.1) lib/action_controller/metal/implicit_render.rb:5:in `send_action'
  actionpack (4.1.1) lib/abstract_controller/base.rb:189:in `process_action'
  actionpack (4.1.1) lib/action_controller/metal/rendering.rb:10:in `process_action'
  actionpack (4.1.1) lib/abstract_controller/callbacks.rb:20:in `process_action'
  org/jruby/RubyProc.java:271:in `call'
  activesupport (4.1.1) lib/active_support/callbacks.rb:113:in `call'
  activesupport (4.1.1) lib/active_support/callbacks.rb:229:in `halting'
  org/jruby/RubyProc.java:271:in `call'
  activesupport (4.1.1) lib/active_support/callbacks.rb:166:in `halting'
  org/jruby/RubyProc.java:271:in `call'
  activesupport (4.1.1) lib/active_support/callbacks.rb:86:in `run_callbacks'
  actionpack (4.1.1) lib/abstract_controller/callbacks.rb:19:in `process_action'
  actionpack (4.1.1) lib/action_controller/metal/rescue.rb:29:in `process_action'
  actionpack (4.1.1) lib/action_controller/metal/instrumentation.rb:31:in `process_action'
  activesupport (4.1.1) lib/active_support/notifications.rb:159:in `instrument'
  activesupport (4.1.1) lib/active_support/notifications/instrumenter.rb:20:in `instrument'
  activesupport (4.1.1) lib/active_support/notifications.rb:159:in `instrument'
  actionpack (4.1.1) lib/action_controller/metal/instrumentation.rb:30:in `process_action'
  actionpack (4.1.1) lib/action_controller/metal/params_wrapper.rb:250:in `process_action'
  activerecord (4.1.1) lib/active_record/railties/controller_runtime.rb:18:in `process_action'
  actionpack (4.1.1) lib/abstract_controller/base.rb:136:in `process'
  actionview (4.1.1) lib/action_view/rendering.rb:30:in `process'
  actionpack (4.1.1) lib/action_controller/metal.rb:195:in `dispatch'
  actionpack (4.1.1) lib/action_controller/metal/rack_delegation.rb:13:in `dispatch'
  actionpack (4.1.1) lib/action_controller/metal.rb:231:in `action'
  org/jruby/RubyProc.java:271:in `call'
  actionpack (4.1.1) lib/action_dispatch/routing/route_set.rb:80:in `dispatch'
  actionpack (4.1.1) lib/action_dispatch/routing/route_set.rb:48:in `call'
  actionpack (4.1.1) lib/action_dispatch/journey/router.rb:71:in `call'
  org/jruby/RubyArray.java:1613:in `each'
  actionpack (4.1.1) lib/action_dispatch/journey/router.rb:59:in `call'
  actionpack (4.1.1) lib/action_dispatch/routing/route_set.rb:676:in `call'
  warden (1.2.3) lib/warden/manager.rb:35:in `call'
  org/jruby/RubyKernel.java:1264:in `catch'
  warden (1.2.3) lib/warden/manager.rb:34:in `call'
  rack (1.5.2) lib/rack/etag.rb:23:in `call'
  rack (1.5.2) lib/rack/conditionalget.rb:25:in `call'
  rack (1.5.2) lib/rack/head.rb:11:in `call'
  actionpack (4.1.1) lib/action_dispatch/middleware/params_parser.rb:27:in `call'
  actionpack (4.1.1) lib/action_dispatch/middleware/flash.rb:254:in `call'
  rack (1.5.2) lib/rack/session/abstract/id.rb:225:in `context'
  rack (1.5.2) lib/rack/session/abstract/id.rb:220:in `call'
  actionpack (4.1.1) lib/action_dispatch/middleware/cookies.rb:560:in `call'
  activerecord (4.1.1) lib/active_record/query_cache.rb:36:in `call'
  activerecord (4.1.1) lib/active_record/connection_adapters/abstract/connection_pool.rb:621:in `call'
  activerecord (4.1.1) lib/active_record/migration.rb:380:in `call'
  actionpack (4.1.1) lib/action_dispatch/middleware/callbacks.rb:29:in `call'
  activesupport (4.1.1) lib/active_support/callbacks.rb:82:in `run_callbacks'
  actionpack (4.1.1) lib/action_dispatch/middleware/callbacks.rb:27:in `call'
  actionpack (4.1.1) lib/action_dispatch/middleware/reloader.rb:73:in `call'
  actionpack (4.1.1) lib/action_dispatch/middleware/remote_ip.rb:76:in `call'
  actionpack (4.1.1) lib/action_dispatch/middleware/debug_exceptions.rb:17:in `call'
  actionpack (4.1.1) lib/action_dispatch/middleware/show_exceptions.rb:30:in `call'
  railties (4.1.1) lib/rails/rack/logger.rb:38:in `call_app'
  railties (4.1.1) lib/rails/rack/logger.rb:20:in `call'
  activesupport (4.1.1) lib/active_support/tagged_logging.rb:68:in `tagged'
  activesupport (4.1.1) lib/active_support/tagged_logging.rb:26:in `tagged'
  activesupport (4.1.1) lib/active_support/tagged_logging.rb:68:in `tagged'
  railties (4.1.1) lib/rails/rack/logger.rb:20:in `call'
  actionpack (4.1.1) lib/action_dispatch/middleware/request_id.rb:21:in `call'
  request_store (1.0.6) lib/request_store/middleware.rb:8:in `call'
  rack (1.5.2) lib/rack/methodoverride.rb:21:in `call'
  rack (1.5.2) lib/rack/runtime.rb:17:in `call'
  activesupport (4.1.1) lib/active_support/cache/strategy/local_cache_middleware.rb:26:in `call'
  rack (1.5.2) lib/rack/lock.rb:17:in `call'
  actionpack (4.1.1) lib/action_dispatch/middleware/static.rb:64:in `call'
  rack (1.5.2) lib/rack/sendfile.rb:112:in `call'
  railties (4.1.1) lib/rails/engine.rb:514:in `call'
  railties (4.1.1) lib/rails/application.rb:144:in `call'
  rack (1.5.2) lib/rack/lock.rb:17:in `call'
  rack (1.5.2) lib/rack/content_length.rb:14:in `call'
  rack (1.5.2) lib/rack/handler/webrick.rb:60:in `service'
  /Users/daintonhaase/.rvm/rubies/jruby-1.7.12/lib/ruby/1.9/webrick/httpserver.rb:138:in `service'
  /Users/daintonhaase/.rvm/rubies/jruby-1.7.12/lib/ruby/1.9/webrick/httpserver.rb:94:in `run'
  /Users/daintonhaase/.rvm/rubies/jruby-1.7.12/lib/ruby/1.9/webrick/server.rb:191:in `start_thread'


  Rendered /Users/daintonhaase/.rvm/gems/jruby-1.7.12/gems/actionpack-4.1.1/lib/action_dispatch/middleware/templates/rescues/_source.erb (3.0ms)
  Rendered /Users/daintonhaase/.rvm/gems/jruby-1.7.12/gems/actionpack-4.1.1/lib/action_dispatch/middleware/templates/rescues/_trace.html.erb (9.0ms)
  Rendered /Users/daintonhaase/.rvm/gems/jruby-1.7.12/gems/actionpack-4.1.1/lib/action_dispatch/middleware/templates/rescues/_request_and_response.html.erb (6.0ms)
  Rendered /Users/daintonhaase/.rvm/gems/jruby-1.7.12/gems/actionpack-4.1.1/lib/action_dispatch/middleware/templates/rescues/diagnostics.erb within rescues/layout (222.0ms)


Started GET "/" for 0:0:0:0:0:0:0:1%0 at 2014-06-20 15:16:19 -0400
Processing by HomeController#index as HTML
  Rendered home/index.html.erb within layouts/application (0.0ms)
Completed 200 OK in 2740ms (Views: 2736.0ms | ActiveRecord: 0.0ms)


Started GET "/assets/jquery.js?body=1" for 0:0:0:0:0:0:0:1%0 at 2014-06-20 15:16:24 -0400


Started GET "/assets/jquery_ujs.js?body=1" for 0:0:0:0:0:0:0:1%0 at 2014-06-20 15:16:24 -0400


Started GET "/assets/application.css?body=1" for 0:0:0:0:0:0:0:1%0 at 2014-06-20 15:16:25 -0400


Started GET "/assets/application.js?body=1" for 0:0:0:0:0:0:0:1%0 at 2014-06-20 15:16:25 -0400
